Traceback (most recent call last):
  File "/home/u1573881/public_html/ghozi.neetkode.com/py/passenger_wsgi.py", line 8, in <module>
    wsgi = imp.load_source('wsgi', 'main.py')
  File "/opt/alt/python310/lib64/python3.10/imp.py", line 172, in load_source
    module = _load(spec)
  File "<frozen importlib._bootstrap>", line 719, in _load
  File "<frozen importlib._bootstrap>", line 688, in _load_unlocked
  File "<frozen importlib._bootstrap_external>", line 883, in exec_module
  File "<frozen importlib._bootstrap>", line 241, in _call_with_frames_removed
  File "main.py", line 1, in <module>
    import cv2
ModuleNotFoundError: No module named 'cv2'
Traceback (most recent call last):
  File "/home/u1573881/public_html/ghozi.neetkode.com/py/passenger_wsgi.py", line 8, in <module>
    wsgi = imp.load_source('wsgi', 'main.py')
  File "/opt/alt/python310/lib64/python3.10/imp.py", line 172, in load_source
    module = _load(spec)
  File "<frozen importlib._bootstrap>", line 719, in _load
  File "<frozen importlib._bootstrap>", line 688, in _load_unlocked
  File "<frozen importlib._bootstrap_external>", line 883, in exec_module
  File "<frozen importlib._bootstrap>", line 241, in _call_with_frames_removed
  File "main.py", line 1, in <module>
    import cv2
ModuleNotFoundError: No module named 'cv2'
[UID:3577][22180] Child process with pid: 22511 was killed by signal: 15, core dumped: no
Traceback (most recent call last):
  File "/home/u1573881/public_html/ghozi.neetkode.com/py/passenger_wsgi.py", line 8, in <module>
    wsgi = imp.load_source('wsgi', 'main.py')
  File "/opt/alt/python310/lib64/python3.10/imp.py", line 172, in load_source
    module = _load(spec)
  File "<frozen importlib._bootstrap>", line 719, in _load
  File "<frozen importlib._bootstrap>", line 688, in _load_unlocked
  File "<frozen importlib._bootstrap_external>", line 883, in exec_module
  File "<frozen importlib._bootstrap>", line 241, in _call_with_frames_removed
  File "main.py", line 1, in <module>
    import cv2
ModuleNotFoundError: No module named 'cv2'
[UID:3577][22180] Child process with pid: 23715 was killed by signal: 15, core dumped: no
Traceback (most recent call last):
  File "/home/u1573881/public_html/ghozi.neetkode.com/py/passenger_wsgi.py", line 8, in <module>
    wsgi = imp.load_source('wsgi', 'main.py')
  File "/opt/alt/python310/lib64/python3.10/imp.py", line 172, in load_source
    module = _load(spec)
  File "<frozen importlib._bootstrap>", line 719, in _load
  File "<frozen importlib._bootstrap>", line 688, in _load_unlocked
  File "<frozen importlib._bootstrap_external>", line 883, in exec_module
  File "<frozen importlib._bootstrap>", line 241, in _call_with_frames_removed
  File "main.py", line 1, in <module>
    import cv2
ModuleNotFoundError: No module named 'cv2'
[UID:3577][22180] Child process with pid: 26845 was killed by signal: 15, core dumped: no
Traceback (most recent call last):
  File "/home/u1573881/public_html/ghozi.neetkode.com/py/passenger_wsgi.py", line 8, in <module>
    wsgi = imp.load_source('wsgi', 'main.py')
  File "/opt/alt/python310/lib64/python3.10/imp.py", line 172, in load_source
    module = _load(spec)
  File "<frozen importlib._bootstrap>", line 719, in _load
  File "<frozen importlib._bootstrap>", line 688, in _load_unlocked
  File "<frozen importlib._bootstrap_external>", line 883, in exec_module
  File "<frozen importlib._bootstrap>", line 241, in _call_with_frames_removed
  File "main.py", line 1, in <module>
    import cv2
ModuleNotFoundError: No module named 'cv2'
[UID:3577][22180] Child process with pid: 37537 was killed by signal: 15, core dumped: no
Traceback (most recent call last):
  File "/home/u1573881/public_html/ghozi.neetkode.com/py/passenger_wsgi.py", line 9, in <module>
    application = wsgi.application
AttributeError: module 'wsgi' has no attribute 'application'
Traceback (most recent call last):
  File "/home/u1573881/public_html/ghozi.neetkode.com/py/passenger_wsgi.py", line 9, in <module>
    application = wsgi.application
AttributeError: module 'wsgi' has no attribute 'application'
[UID:3577][27692] Child process with pid: 28270 was killed by signal: 15, core dumped: no
Traceback (most recent call last):
  File "/home/u1573881/public_html/ghozi.neetkode.com/py/passenger_wsgi.py", line 9, in <module>
    application = wsgi.application
AttributeError: module 'wsgi' has no attribute 'application'
[UID:3577][27692] Child process with pid: 26259 was killed by signal: 15, core dumped: no
Traceback (most recent call last):
  File "/home/u1573881/public_html/ghozi.neetkode.com/py/passenger_wsgi.py", line 9, in <module>
    application = wsgi.application
AttributeError: module 'wsgi' has no attribute 'application'
Traceback (most recent call last):
  File "/home/u1573881/public_html/ghozi.neetkode.com/py/passenger_wsgi.py", line 9, in <module>
    application = wsgi.application
AttributeError: module 'wsgi' has no attribute 'application'
[UID:3577][28215] Child process with pid: 28594 was killed by signal: 15, core dumped: no
Traceback (most recent call last):
  File "/home/u1573881/public_html/ghozi.neetkode.com/py/passenger_wsgi.py", line 9, in <module>
    application = wsgi.application
AttributeError: module 'wsgi' has no attribute 'application'
[UID:3577][28215] Child process with pid: 34685 was killed by signal: 15, core dumped: no
Traceback (most recent call last):
  File "/home/u1573881/public_html/ghozi.neetkode.com/py/passenger_wsgi.py", line 9, in <module>
    application = wsgi.application
AttributeError: module 'wsgi' has no attribute 'application'
[UID:3577][28215] Child process with pid: 35526 was killed by signal: 15, core dumped: no
Traceback (most recent call last):
  File "/home/u1573881/public_html/ghozi.neetkode.com/py/passenger_wsgi.py", line 9, in <module>
    application = wsgi.application
AttributeError: module 'wsgi' has no attribute 'application'
[UID:3577][27692] Child process with pid: 37712 was killed by signal: 15, core dumped: no
Traceback (most recent call last):
  File "/home/u1573881/public_html/ghozi.neetkode.com/py/passenger_wsgi.py", line 9, in <module>
    application = wsgi.application
AttributeError: module 'wsgi' has no attribute 'application'
Traceback (most recent call last):
  File "/home/u1573881/public_html/ghozi.neetkode.com/py/passenger_wsgi.py", line 9, in <module>
    application = wsgi.application
AttributeError: module 'wsgi' has no attribute 'application'
[UID:3577][37714] Child process with pid: 38152 was killed by signal: 15, core dumped: no
Traceback (most recent call last):
  File "/home/u1573881/public_html/ghozi.neetkode.com/py/passenger_wsgi.py", line 9, in <module>
    application = wsgi.application
AttributeError: module 'wsgi' has no attribute 'application'
Traceback (most recent call last):
  File "/home/u1573881/public_html/ghozi.neetkode.com/py/passenger_wsgi.py", line 9, in <module>
    application = wsgi.application
AttributeError: module 'wsgi' has no attribute 'application'
[UID:3577][5655] Child process with pid: 6225 was killed by signal: 15, core dumped: no
Traceback (most recent call last):
  File "/home/u1573881/public_html/ghozi.neetkode.com/py/passenger_wsgi.py", line 9, in <module>
    application = wsgi.application
AttributeError: module 'wsgi' has no attribute 'application'
[UID:3577][5655] Child process with pid: 7342 was killed by signal: 15, core dumped: no
Traceback (most recent call last):
  File "/home/u1573881/public_html/ghozi.neetkode.com/py/passenger_wsgi.py", line 9, in <module>
    application = wsgi.application
AttributeError: module 'wsgi' has no attribute 'application'
Traceback (most recent call last):
  File "/home/u1573881/public_html/ghozi.neetkode.com/py/passenger_wsgi.py", line 9, in <module>
    application = wsgi.application
AttributeError: module 'wsgi' has no attribute 'application'
[UID:3577][19209] Child process with pid: 19733 was killed by signal: 15, core dumped: no
Traceback (most recent call last):
  File "/home/u1573881/public_html/ghozi.neetkode.com/py/passenger_wsgi.py", line 9, in <module>
    application = wsgi.application
AttributeError: module 'wsgi' has no attribute 'application'
[UID:3577][19209] Child process with pid: 34080 was killed by signal: 15, core dumped: no
Traceback (most recent call last):
  File "/home/u1573881/public_html/ghozi.neetkode.com/py/passenger_wsgi.py", line 9, in <module>
    application = wsgi.application
AttributeError: module 'wsgi' has no attribute 'application'
Traceback (most recent call last):
  File "/home/u1573881/public_html/ghozi.neetkode.com/py/passenger_wsgi.py", line 9, in <module>
    application = wsgi.application
AttributeError: module 'wsgi' has no attribute 'application'
[UID:3577][47718] Child process with pid: 48098 was killed by signal: 15, core dumped: no
Traceback (most recent call last):
  File "/home/u1573881/public_html/ghozi.neetkode.com/py/passenger_wsgi.py", line 9, in <module>
    application = wsgi.application
AttributeError: module 'wsgi' has no attribute 'application'
[UID:3577][47718] Child process with pid: 400 was killed by signal: 15, core dumped: no
Traceback (most recent call last):
  File "/home/u1573881/public_html/ghozi.neetkode.com/py/passenger_wsgi.py", line 9, in <module>
    application = wsgi.application
AttributeError: module 'wsgi' has no attribute 'application'
[UID:3577][47718] Child process with pid: 16927 was killed by signal: 15, core dumped: no
Traceback (most recent call last):
  File "/home/u1573881/public_html/ghozi.neetkode.com/py/passenger_wsgi.py", line 9, in <module>
    application = wsgi.application
AttributeError: module 'wsgi' has no attribute 'application'
[UID:3577][47718] Child process with pid: 18242 was killed by signal: 15, core dumped: no
Traceback (most recent call last):
  File "/home/u1573881/public_html/ghozi.neetkode.com/py/passenger_wsgi.py", line 9, in <module>
    application = wsgi.application
AttributeError: module 'wsgi' has no attribute 'application'
Traceback (most recent call last):
  File "/home/u1573881/public_html/ghozi.neetkode.com/py/passenger_wsgi.py", line 9, in <module>
    application = wsgi.application
AttributeError: module 'wsgi' has no attribute 'application'
[UID:3577][24716] Child process with pid: 25390 was killed by signal: 15, core dumped: no
